\BOOKMARK [1][-]{section.1}{\376\377\000I\000n\000t\000r\000o\000d\000u\000c\000t\000i\000o\000n}{}% 1
\BOOKMARK [0][-]{part.1}{\376\377\000I\000\040\000N\000u\000m\000e\000r\000i\000c\000a\000l\000\040\000I\000n\000t\000e\000g\000r\000a\000t\000i\000o\000n}{}% 2
\BOOKMARK [1][-]{section.2}{\376\377\000N\000u\000m\000e\000r\000i\000c\000a\000l\000\040\000i\000n\000t\000e\000g\000r\000a\000t\000i\000o\000n\000:\000\040\000g\000e\000n\000e\000r\000a\000l\000\040\000p\000r\000o\000p\000e\000r\000t\000i\000e\000s}{part.1}% 3
\BOOKMARK [1][-]{section.3}{\376\377\000S\000t\000a\000b\000i\000l\000i\000t\000y}{part.1}% 4
\BOOKMARK [1][-]{section.4}{\376\377\000A\000d\000v\000e\000c\000t\000i\000o\000n}{part.1}% 5
\BOOKMARK [1][-]{section.5}{\376\377\000D\000i\000f\000f\000u\000s\000i\000o\000n}{part.1}% 6
\BOOKMARK [1][-]{section.6}{\376\377\000F\000o\000k\000k\000e\000r\000-\000P\000l\000a\000n\000c\000k}{part.1}% 7
\BOOKMARK [1][-]{section.7}{\376\377\000D\000r\000i\000v\000e\000n\000\040\000H\000a\000r\000m\000o\000n\000i\000c\000\040\000T\000r\000a\000p}{part.1}% 8
\BOOKMARK [2][-]{subsection.7.1}{\376\377\000E\000x\000c\000e\000s\000s\000\040\000W\000o\000r\000k\000\040\000i\000n\000\040\000a\000\040\000T\000r\000a\000n\000s\000l\000a\000t\000i\000n\000g\000\040\000T\000r\000a\000c\000k}{section.7}% 9
\BOOKMARK [2][-]{subsection.7.2}{\376\377\000E\000x\000c\000e\000s\000s\000\040\000W\000o\000r\000k\000\040\000i\000n\000\040\000a\000\040\000B\000r\000e\000a\000t\000h\000i\000n\000g\000\040\000T\000r\000a\000p}{section.7}% 10
\BOOKMARK [1][-]{section.8}{\376\377\000D\000r\000i\000v\000e\000n\000\040\000R\000o\000t\000a\000r\000y\000\040\000M\000a\000c\000h\000i\000n\000e}{part.1}% 11
\BOOKMARK [2][-]{subsection.8.1}{\376\377\000S\000t\000e\000a\000d\000y\000-\000S\000t\000a\000t\000e\000\040\000F\000l\000u\000x}{section.8}% 12
\BOOKMARK [2][-]{subsection.8.2}{\376\377\000P\000r\000e\000c\000i\000s\000i\000o\000n\000\040\000a\000n\000d\000\040\000D\000r\000i\000v\000i\000n\000g\000\040\000A\000c\000c\000u\000r\000a\000c\000y}{section.8}% 13
\BOOKMARK [1][-]{section.9}{\376\377\000I\000n\000f\000o\000r\000m\000a\000t\000i\000o\000n\000\040\000E\000r\000a\000s\000u\000r\000e}{part.1}% 14
\BOOKMARK [1][-]{section.10}{\376\377\000K\000o\000l\000m\000o\000g\000o\000r\000o\000v\000\040\000B\000a\000c\000k\000w\000a\000r\000d\000s\000\040\000E\000q\000u\000a\000t\000i\000o\000n}{part.1}% 15
\BOOKMARK [2][-]{subsection.10.1}{\376\377\000F\000i\000r\000s\000t\000\040\000p\000a\000s\000s\000a\000g\000e\000\040\000t\000i\000m\000e\000s}{section.10}% 16
\BOOKMARK [2][-]{subsection.10.2}{\376\377\000F\000i\000n\000a\000n\000c\000i\000a\000l\000\040\000m\000a\000t\000h\000e\000m\000a\000t\000i\000c\000s\000:\000\040\000O\000p\000t\000i\000o\000n\000s\000\040\000p\000r\000i\000c\000i\000n\000g}{section.10}% 17
\BOOKMARK [0][-]{part.2}{\376\377\000I\000I\000\040\000S\000t\000e\000a\000d\000y\000-\000s\000t\000a\000t\000e\000\040\000s\000o\000l\000u\000t\000i\000o\000n\000s}{}% 18
\BOOKMARK [1][-]{appendix.A}{\376\377\000N\000e\000u\000m\000a\000n\000n\000\040\000s\000t\000a\000b\000i\000l\000i\000t\000y\000\040\000a\000n\000a\000l\000y\000s\000i\000s}{part.2}% 19
\BOOKMARK [2][-]{subsection.A.1}{\376\377\000F\000C\000T\000S\000\040\000S\000c\000h\000e\000m\000e\000:\000\040\000a\000d\000v\000e\000c\000t\000i\000o\000n\000\040\000a\000n\000d\000\040\000d\000i\000f\000f\000u\000s\000i\000o\000n}{appendix.A}% 20
\BOOKMARK [2][-]{subsection.A.2}{\376\377\000A\000d\000v\000e\000c\000t\000i\000o\000n\000:\000\040\000L\000a\000x\000\040\000s\000c\000h\000e\000m\000e}{appendix.A}% 21
\BOOKMARK [2][-]{subsection.A.3}{\376\377\000A\000d\000v\000e\000c\000t\000i\000o\000n\000:\000\040\000L\000a\000x\000-\000W\000e\000n\000d\000r\000o\000f\000f\000\040\000s\000c\000h\000e\000m\000e}{appendix.A}% 22
\BOOKMARK [2][-]{subsection.A.4}{\376\377\000D\000i\000f\000f\000u\000s\000i\000o\000n\000:\000\040\000C\000r\000a\000n\000k\000-\000N\000i\000c\000o\000l\000s\000o\000n\000\040\000S\000c\000h\000e\000m\000e}{appendix.A}% 23
